lightningBrowser/build/outputs/logs/manifest-merger-debug-report.txt
-- Merging decision tree log ---
manifest
ADDED from AndroidManifest.xml:6:1
	package
		ADDED from AndroidManifest.xml:7:5
		INJECTED from AndroidManifest.xml:0:0
		INJECTED from AndroidManifest.xml:0:0
	android:versionName
		ADDED from AndroidManifest.xml:9:5
	android:versionCode
		ADDED from AndroidManifest.xml:8:5
		INJECTED from AndroidManifest.xml:0:0
		INJECTED from AndroidManifest.xml:0:0
	xmlns:android
		ADDED from AndroidManifest.xml:6:11
uses-permission#android.permission.INTERNET
ADDED from AndroidManifest.xml:11:5
	android:name
		ADDED from AndroidManifest.xml:11:22
uses-permission#com.android.browser.permission.READ_HISTORY_BOOKMARKS
ADDED from AndroidManifest.xml:12:5
	android:name
		ADDED from AndroidManifest.xml:12:22
uses-permission#com.android.browser.permission.WRITE_HISTORY_BOOKMARKS
ADDED from AndroidManifest.xml:13:5
	android:name
		ADDED from AndroidManifest.xml:13:22
uses-permission#android.permission.WRITE_EXTERNAL_STORAGE
ADDED from AndroidManifest.xml:14:5
	android:name
		ADDED from AndroidManifest.xml:14:22
uses-permission#android.permission.READ_EXTERNAL_STORAGE
ADDED from AndroidManifest.xml:15:5
	android:name
		ADDED from AndroidManifest.xml:15:22
uses-permission#android.permission.ACCESS_FINE_LOCATION
ADDED from AndroidManifest.xml:16:5
	android:name
		ADDED from AndroidManifest.xml:16:22
uses-permission#android.permission.ACCESS_NETWORK_STATE
ADDED from AndroidManifest.xml:17:5
	android:name
		ADDED from AndroidManifest.xml:17:22
uses-feature#android.hardware.location.gps
ADDED from AndroidManifest.xml:19:5
	android:required
		ADDED from AndroidManifest.xml:21:9
	android:name
		ADDED from AndroidManifest.xml:20:9
uses-feature#android.hardware.location
ADDED from AndroidManifest.xml:22:5
	android:required
		ADDED from AndroidManifest.xml:24:9
	android:name
		ADDED from AndroidManifest.xml:23:9
uses-feature#android.hardware.touchscreen
ADDED from AndroidManifest.xml:25:5
	android:required
		ADDED from AndroidManifest.xml:27:9
	android:name
		ADDED from AndroidManifest.xml:26:9
uses-sdk
ADDED from AndroidManifest.xml:29:5
MERGED from Lightning-Browser:libnetcipher:unspecified:7:5
MERGED from Lightning-Browser:androidHorizontalListView:unspecified:7:5
	android:targetSdkVersion
		ADDED from AndroidManifest.xml:31:9
		INJECTED from AndroidManifest.xml:0:0
		INJECTED from AndroidManifest.xml:0:0
	android:minSdkVersion
		ADDED from AndroidManifest.xml:30:9
		INJECTED from AndroidManifest.xml:0:0
		INJECTED from AndroidManifest.xml:0:0
application
ADDED from AndroidManifest.xml:33:5
	android:label
		ADDED from AndroidManifest.xml:38:9
	android:hardwareAccelerated
		ADDED from AndroidManifest.xml:36:9
	android:allowBackup
		ADDED from AndroidManifest.xml:35:9
	android:icon
		ADDED from AndroidManifest.xml:37:9
	android:name
		ADDED from AndroidManifest.xml:34:9
activity#acr.browser.lightning.MainActivity
ADDED from AndroidManifest.xml:39:9
	android:label
		ADDED from AndroidManifest.xml:43:13
	android:launchMode
		ADDED from AndroidManifest.xml:44:13
	android:configChanges
		ADDED from AndroidManifest.xml:42:13
	android:alwaysRetainTaskState
		ADDED from AndroidManifest.xml:41:13
	android:theme
		ADDED from AndroidManifest.xml:45:13
	android:name
		ADDED from AndroidManifest.xml:40:13
intent-filter#android.intent.action.MAIN+android.intent.category.APP_BROWSER+android.intent.category.BROWSABLE+android.intent.category.DEFAULT+android.intent.category.LAUNCHER
ADDED from AndroidManifest.xml:46:13
action#android.intent.action.MAIN
ADDED from AndroidManifest.xml:47:17
	android:name
		ADDED from AndroidManifest.xml:47:25
category#android.intent.category.DEFAULT
ADDED from AndroidManifest.xml:49:17
	android:name
		ADDED from AndroidManifest.xml:49:27
category#android.intent.category.LAUNCHER
ADDED from AndroidManifest.xml:50:17
	android:name
		ADDED from AndroidManifest.xml:50:27
category#android.intent.category.BROWSABLE
ADDED from AndroidManifest.xml:51:17
	android:name
		ADDED from AndroidManifest.xml:51:27
category#android.intent.category.APP_BROWSER
ADDED from AndroidManifest.xml:52:17
	android:name
		ADDED from AndroidManifest.xml:52:27
intent-filter#android.intent.action.VIEW+android.intent.category.BROWSABLE+android.intent.category.DEFAULT
ADDED from AndroidManifest.xml:54:13
action#android.intent.action.VIEW
ADDED from AndroidManifest.xml:55:17
	android:name
		ADDED from AndroidManifest.xml:55:25
data
ADDED from AndroidManifest.xml:60:17
	android:scheme
		ADDED from AndroidManifest.xml:60:23
intent-filter#android.intent.action.WEB_SEARCH+android.intent.category.BROWSABLE+android.intent.category.DEFAULT
ADDED from AndroidManifest.xml:95:13
action#android.intent.action.WEB_SEARCH
ADDED from AndroidManifest.xml:96:17
	android:name
		ADDED from AndroidManifest.xml:96:25
activity#acr.browser.lightning.SettingsActivity
ADDED from AndroidManifest.xml:106:9
	android:label
		ADDED from AndroidManifest.xml:109:13
	android:configChanges
		ADDED from AndroidManifest.xml:108:13
	android:theme
		ADDED from AndroidManifest.xml:110:13
	android:name
		ADDED from AndroidManifest.xml:107:13
intent-filter#android.intent.action.SETTINGS+android.intent.category.DEFAULT
ADDED from AndroidManifest.xml:111:13
action#android.intent.action.SETTINGS
ADDED from AndroidManifest.xml:112:17
	android:name
		ADDED from AndroidManifest.xml:112:25
activity#acr.browser.lightning.GeneralSettingsActivity
ADDED from AndroidManifest.xml:117:9
	android:label
		ADDED from AndroidManifest.xml:120:13
	android:configChanges
		ADDED from AndroidManifest.xml:119:13
	android:theme
		ADDED from AndroidManifest.xml:121:13
	android:name
		ADDED from AndroidManifest.xml:118:13
intent-filter#android.intent.action.GENERAL_SETTINGS+android.intent.category.DEFAULT
ADDED from AndroidManifest.xml:122:13
action#android.intent.action.GENERAL_SETTINGS
ADDED from AndroidManifest.xml:123:17
	android:name
		ADDED from AndroidManifest.xml:123:25
activity#acr.browser.lightning.DisplaySettingsActivity
ADDED from AndroidManifest.xml:128:9
	android:label
		ADDED from AndroidManifest.xml:131:13
	android:configChanges
		ADDED from AndroidManifest.xml:130:13
	android:theme
		ADDED from AndroidManifest.xml:132:13
	android:name
		ADDED from AndroidManifest.xml:129:13
intent-filter#android.intent.action.DISPLAY_SETTINGS+android.intent.category.DEFAULT
ADDED from AndroidManifest.xml:133:13
action#android.intent.action.DISPLAY_SETTINGS
ADDED from AndroidManifest.xml:134:17
	android:name
		ADDED from AndroidManifest.xml:134:25
activity#acr.browser.lightning.PrivacySettingsActivity
ADDED from AndroidManifest.xml:139:9
	android:label
		ADDED from AndroidManifest.xml:142:13
	android:configChanges
		ADDED from AndroidManifest.xml:141:13
	android:theme
		ADDED from AndroidManifest.xml:143:13
	android:name
		ADDED from AndroidManifest.xml:140:13
intent-filter#android.intent.action.PRIVACY_SETTINGS+android.intent.category.DEFAULT
ADDED from AndroidManifest.xml:144:13
action#android.intent.action.PRIVACY_SETTINGS
ADDED from AndroidManifest.xml:145:17
	android:name
		ADDED from AndroidManifest.xml:145:25
activity#acr.browser.lightning.AdvancedSettingsActivity
ADDED from AndroidManifest.xml:150:9
	android:label
		ADDED from AndroidManifest.xml:153:13
	android:configChanges
		ADDED from AndroidManifest.xml:152:13
	android:theme
		ADDED from AndroidManifest.xml:154:13
	android:name
		ADDED from AndroidManifest.xml:151:13
intent-filter#android.intent.action.ADVANCED_SETTINGS+android.intent.category.DEFAULT
ADDED from AndroidManifest.xml:155:13
action#android.intent.action.ADVANCED_SETTINGS
ADDED from AndroidManifest.xml:156:17
	android:name
		ADDED from AndroidManifest.xml:156:25
activity#acr.browser.lightning.AboutSettingsActivity
ADDED from AndroidManifest.xml:161:9
	android:label
		ADDED from AndroidManifest.xml:164:13
	android:configChanges
		ADDED from AndroidManifest.xml:163:13
	android:theme
		ADDED from AndroidManifest.xml:165:13
	android:name
		ADDED from AndroidManifest.xml:162:13
intent-filter#android.intent.action.ABOUT_SETTINGS+android.intent.category.DEFAULT
ADDED from AndroidManifest.xml:166:13
action#android.intent.action.ABOUT_SETTINGS
ADDED from AndroidManifest.xml:167:17
	android:name
		ADDED from AndroidManifest.xml:167:25
activity#acr.browser.lightning.IncognitoActivity
ADDED from AndroidManifest.xml:172:9
	android:label
		ADDED from AndroidManifest.xml:176:13
	android:launchMode
		ADDED from AndroidManifest.xml:177:13
	android:windowSoftInputMode
		ADDED from AndroidManifest.xml:179:13
	android:configChanges
		ADDED from AndroidManifest.xml:175:13
	android:alwaysRetainTaskState
		ADDED from AndroidManifest.xml:174:13
	android:theme
		ADDED from AndroidManifest.xml:178:13
	android:name
		ADDED from AndroidManifest.xml:173:13
intent-filter#android.intent.action.INCOGNITO+android.intent.category.DEFAULT
ADDED from AndroidManifest.xml:180:13
action#android.intent.action.INCOGNITO
ADDED from AndroidManifest.xml:181:17
	android:name
		ADDED from AndroidManifest.xml:181:25
activity#acr.browser.lightning.LicenseActivity
ADDED from AndroidManifest.xml:186:9
	android:label
		ADDED from AndroidManifest.xml:189:13
	android:configChanges
		ADDED from AndroidManifest.xml:188:13
	android:theme
		ADDED from AndroidManifest.xml:190:13
	android:name
		ADDED from AndroidManifest.xml:187:13
intent-filter#android.intent.action.LICENSE+android.intent.category.DEFAULT
ADDED from AndroidManifest.xml:191:13
action#android.intent.action.LICENSE
ADDED from AndroidManifest.xml:192:17
	android:name
		ADDED from AndroidManifest.xml:192:25
activity#acr.browser.lightning.BookmarkActivity
ADDED from AndroidManifest.xml:198:9
	android:label
		ADDED from AndroidManifest.xml:201:13
	android:configChanges
		ADDED from AndroidManifest.xml:200:13
	android:theme
		ADDED from AndroidManifest.xml:202:13
	android:name
		ADDED from AndroidManifest.xml:199:13
intent-filter#android.intent.action.BOOKMARK+android.intent.category.DEFAULT
ADDED from AndroidManifest.xml:203:13
action#android.intent.action.BOOKMARK
ADDED from AndroidManifest.xml:204:17
	android:name
		ADDED from AndroidManifest.xml:204:25